<?xml version="1.0" encoding="UTF-8"?>
<!-- Generated by org.testng.reporters.JUnitReportReporter -->
<testsuite hostname="DESKTOP-QFCL18R" failures="0" tests="1" name="opp.locators.selenium.objectElement.RegistrationForm" time="2.150" errors="0" timestamp="2022-07-13T23:36:52 IST" skipped="0">
  <testcase classname="opp.locators.selenium.objectElement.RegistrationForm" name="submitForm" time="2.150"/>
  <system-out/>
</testsuite> <!-- opp.locators.selenium.objectElement.RegistrationForm -->
