<?xml version="1.0" encoding="UTF-8"?>
<!-- Generated by org.testng.reporters.JUnitReportReporter -->
<testsuite hostname="DESKTOP-QFCL18R" failures="0" tests="3" name="opp.hybridTestCases.selenium.OrangeHRM" time="33.766" errors="0" timestamp="2022-07-20T00:21:35 IST" skipped="0">
  <testcase classname="opp.hybridTestCases.selenium.OrangeHRM" name="login" time="12.332"/>
  <system-out/>
  <testcase classname="opp.hybridTestCases.selenium.OrangeHRM" name="login" time="10.926"/>
  <system-out/>
  <testcase classname="opp.hybridTestCases.selenium.OrangeHRM" name="login" time="10.508"/>
  <system-out/>
</testsuite> <!-- opp.hybridTestCases.selenium.OrangeHRM -->
