<?xml version="1.0" encoding="UTF-8"?>
<!-- Generated by org.testng.reporters.JUnitReportReporter -->
<testsuite hostname="DESKTOP-QFCL18R" failures="0" tests="1" name="opp.webElements.selenium.textBox_control" time="5.171" errors="0" timestamp="2022-07-10T23:33:56 IST" skipped="0">
  <testcase classname="opp.webElements.selenium.textBox_control" name="textBoxExample" time="5.171"/>
  <system-out/>
</testsuite> <!-- opp.webElements.selenium.textBox_control -->
