<?xml version="1.0" encoding="UTF-8"?>
<!-- Generated by org.testng.reporters.JUnitReportReporter -->
<testsuite hostname="DESKTOP-QFCL18R" failures="0" tests="1" name="opp.webElements.selenium.emailTextBox" time="8.553" errors="0" timestamp="2022-07-10T23:36:45 IST" skipped="0">
  <testcase classname="opp.webElements.selenium.emailTextBox" name="email_TextBox" time="8.553"/>
  <system-out/>
</testsuite> <!-- opp.webElements.selenium.emailTextBox -->
